[35m[1mConsolidate compiler generated dependencies of target jsp_low[0m
[35m[1mConsolidate compiler generated dependencies of target jsp_high[0m
[  6%] [32mBuilding CXX object CMakeFiles/ros2_udp.dir/src/ros2_udp.cpp.o[0m
[ 12%] [32m[1mLinking CXX executable jsp_low[0m
[ 18%] [32mBuilding CXX object CMakeFiles/udp_high.dir/src/udp_high.cpp.o[0m
[ 25%] [32m[1mLinking CXX executable jsp_high[0m
/usr/bin/ld: cannot find -llcm: No such file or directory
/usr/bin/ld: cannot find -llcm: No such file or directory
collect2: error: ld returned 1 exit status
gmake[2]: *** [CMakeFiles/jsp_low.dir/build.make:183: jsp_low] Error 1
collect2: error: ld returned 1 exit status
gmake[1]: *** [CMakeFiles/Makefile2:229: CMakeFiles/jsp_low.dir/all] Error 2
gmake[1]: *** Waiting for unfinished jobs....
gmake[2]: *** [CMakeFiles/jsp_high.dir/build.make:183: jsp_high] Error 1
gmake[1]: *** [CMakeFiles/Makefile2:203: CMakeFiles/jsp_high.dir/all] Error 2
In file included from [01m[K/home/ros/Workshop/src/unitree_ros2/unitree_legged_real/unitree_legged_sdk-master/include/unitree_legged_sdk/unitree_legged_sdk.h:14[m[K,
                 from [01m[K/home/ros/Workshop/src/unitree_ros2/unitree_legged_real/src/ros2_udp.cpp:6[m[K:
[01m[K/home/ros/Workshop/src/unitree_ros2/unitree_legged_real/unitree_legged_sdk-master/include/unitree_legged_sdk/lcm.h:9:10:[m[K [01;31m[Kfatal error: [m[Klcm/lcm-cpp.hpp: No such file or directory
    9 | #include [01;31m[K<lcm/lcm-cpp.hpp>[m[K
      |          [01;31m[K^~~~~~~~~~~~~~~~~[m[K
compilation terminated.
In file included from [01m[K/home/ros/Workshop/src/unitree_ros2/unitree_legged_real/unitree_legged_sdk-master/include/unitree_legged_sdk/unitree_legged_sdk.h:14[m[K,
                 from [01m[K/home/ros/Workshop/src/unitree_ros2/unitree_legged_real/src/udp_high.cpp:6[m[K:
[01m[K/home/ros/Workshop/src/unitree_ros2/unitree_legged_real/unitree_legged_sdk-master/include/unitree_legged_sdk/lcm.h:9:10:[m[K [01;31m[Kfatal error: [m[Klcm/lcm-cpp.hpp: No such file or directory
    9 | #include [01;31m[K<lcm/lcm-cpp.hpp>[m[K
      |          [01;31m[K^~~~~~~~~~~~~~~~~[m[K
compilation terminated.
gmake[2]: *** [CMakeFiles/udp_high.dir/build.make:76: CMakeFiles/udp_high.dir/src/udp_high.cpp.o] Error 1
gmake[1]: *** [CMakeFiles/Makefile2:177: CMakeFiles/udp_high.dir/all] Error 2
gmake[2]: *** [CMakeFiles/ros2_udp.dir/build.make:76: CMakeFiles/ros2_udp.dir/src/ros2_udp.cpp.o] Error 1
gmake[1]: *** [CMakeFiles/Makefile2:151: CMakeFiles/ros2_udp.dir/all] Error 2
gmake: *** [Makefile:146: all] Error 2
