[0.074s] Invoking command in '/home/ros/Workshop/src/build/unitree_legged_real': AMENT_PREFIX_PATH=/home/ros/Workshop/src/install/ros2_unitree_legged_msgs:${AMENT_PREFIX_PATH} CMAKE_PREFIX_PATH=/home/ros/Workshop/src/install/ros2_unitree_legged_msgs:/workspaces/my_ros2_ws/install:/opt/ros/humble LD_LIBRARY_PATH=/home/ros/Workshop/src/install/ros2_unitree_legged_msgs/lib:${LD_LIBRARY_PATH} PYTHONPATH=/home/ros/Workshop/src/install/ros2_unitree_legged_msgs/local/lib/python3.10/dist-packages:${PYTHONPATH} /usr/bin/cmake --build /home/ros/Workshop/src/build/unitree_legged_real -- -j4 -l4
[0.400s] [35m[1mConsolidate compiler generated dependencies of target jsp_low[0m
[0.426s] [35m[1mConsolidate compiler generated dependencies of target jsp_high[0m
[0.492s] [  6%] [32mBuilding CXX object CMakeFiles/ros2_udp.dir/src/ros2_udp.cpp.o[0m
[0.573s] [ 12%] [32m[1mLinking CXX executable jsp_low[0m
[0.577s] [ 18%] [32mBuilding CXX object CMakeFiles/udp_high.dir/src/udp_high.cpp.o[0m
[0.621s] [ 25%] [32m[1mLinking CXX executable jsp_high[0m
[0.789s] /usr/bin/ld: cannot find -llcm: No such file or directory
[0.822s] /usr/bin/ld: cannot find -llcm: No such file or directory
[0.939s] collect2: error: ld returned 1 exit status
[0.944s] gmake[2]: *** [CMakeFiles/jsp_low.dir/build.make:183: jsp_low] Error 1
[0.944s] collect2: error: ld returned 1 exit status
[0.944s] gmake[1]: *** [CMakeFiles/Makefile2:229: CMakeFiles/jsp_low.dir/all] Error 2
[0.944s] gmake[1]: *** Waiting for unfinished jobs....
[0.946s] gmake[2]: *** [CMakeFiles/jsp_high.dir/build.make:183: jsp_high] Error 1
[0.946s] gmake[1]: *** [CMakeFiles/Makefile2:203: CMakeFiles/jsp_high.dir/all] Error 2
[1.781s] In file included from [01m[K/home/ros/Workshop/src/unitree_ros2/unitree_legged_real/unitree_legged_sdk-master/include/unitree_legged_sdk/unitree_legged_sdk.h:14[m[K,
[1.781s]                  from [01m[K/home/ros/Workshop/src/unitree_ros2/unitree_legged_real/src/ros2_udp.cpp:6[m[K:
[1.781s] [01m[K/home/ros/Workshop/src/unitree_ros2/unitree_legged_real/unitree_legged_sdk-master/include/unitree_legged_sdk/lcm.h:9:10:[m[K [01;31m[Kfatal error: [m[Klcm/lcm-cpp.hpp: No such file or directory
[1.781s]     9 | #include [01;31m[K<lcm/lcm-cpp.hpp>[m[K
[1.781s]       |          [01;31m[K^~~~~~~~~~~~~~~~~[m[K
[1.782s] compilation terminated.
[1.782s] In file included from [01m[K/home/ros/Workshop/src/unitree_ros2/unitree_legged_real/unitree_legged_sdk-master/include/unitree_legged_sdk/unitree_legged_sdk.h:14[m[K,
[1.782s]                  from [01m[K/home/ros/Workshop/src/unitree_ros2/unitree_legged_real/src/udp_high.cpp:6[m[K:
[1.782s] [01m[K/home/ros/Workshop/src/unitree_ros2/unitree_legged_real/unitree_legged_sdk-master/include/unitree_legged_sdk/lcm.h:9:10:[m[K [01;31m[Kfatal error: [m[Klcm/lcm-cpp.hpp: No such file or directory
[1.782s]     9 | #include [01;31m[K<lcm/lcm-cpp.hpp>[m[K
[1.782s]       |          [01;31m[K^~~~~~~~~~~~~~~~~[m[K
[1.782s] compilation terminated.
[1.790s] gmake[2]: *** [CMakeFiles/udp_high.dir/build.make:76: CMakeFiles/udp_high.dir/src/udp_high.cpp.o] Error 1
[1.791s] gmake[1]: *** [CMakeFiles/Makefile2:177: CMakeFiles/udp_high.dir/all] Error 2
[1.791s] gmake[2]: *** [CMakeFiles/ros2_udp.dir/build.make:76: CMakeFiles/ros2_udp.dir/src/ros2_udp.cpp.o] Error 1
[1.791s] gmake[1]: *** [CMakeFiles/Makefile2:151: CMakeFiles/ros2_udp.dir/all] Error 2
[1.791s] gmake: *** [Makefile:146: all] Error 2
[1.796s] Invoked command in '/home/ros/Workshop/src/build/unitree_legged_real' returned '2': AMENT_PREFIX_PATH=/home/ros/Workshop/src/install/ros2_unitree_legged_msgs:${AMENT_PREFIX_PATH} CMAKE_PREFIX_PATH=/home/ros/Workshop/src/install/ros2_unitree_legged_msgs:/workspaces/my_ros2_ws/install:/opt/ros/humble LD_LIBRARY_PATH=/home/ros/Workshop/src/install/ros2_unitree_legged_msgs/lib:${LD_LIBRARY_PATH} PYTHONPATH=/home/ros/Workshop/src/install/ros2_unitree_legged_msgs/local/lib/python3.10/dist-packages:${PYTHONPATH} /usr/bin/cmake --build /home/ros/Workshop/src/build/unitree_legged_real -- -j4 -l4
