[0.102s] Invoking command in '/home/ros/Workshop/src/build/rslidar_sdk': AMENT_PREFIX_PATH=/home/ros/Workshop/src/install/rslidar_msg:${AMENT_PREFIX_PATH} CMAKE_PREFIX_PATH=/home/ros/Workshop/src/install/rslidar_msg:/workspaces/my_ros2_ws/install:/opt/ros/humble LD_LIBRARY_PATH=/home/ros/Workshop/src/install/rslidar_msg/lib:${LD_LIBRARY_PATH} PYTHONPATH=/home/ros/Workshop/src/install/rslidar_msg/local/lib/python3.10/dist-packages:${PYTHONPATH} /usr/bin/cmake /home/ros/Workshop/src/rslidar_sdk_ros2 -DAMENT_CMAKE_SYMLINK_INSTALL=1 -DCMAKE_INSTALL_PREFIX=/home/ros/Workshop/src/install/rslidar_sdk
[0.490s] -- The C compiler identification is GNU 11.3.0
[0.756s] -- The CXX compiler identification is GNU 11.3.0
[0.797s] -- Detecting C compiler ABI info
[1.295s] -- Detecting C compiler ABI info - done
[1.322s] -- Check for working C compiler: /usr/bin/cc - skipped
[1.324s] -- Detecting C compile features
[1.325s] -- Detecting C compile features - done
[1.334s] -- Detecting CXX compiler ABI info
[1.785s] -- Detecting CXX compiler ABI info - done
[1.801s] -- Check for working CXX compiler: /usr/bin/c++ - skipped
[1.802s] -- Detecting CXX compile features
[1.804s] -- Detecting CXX compile features - done
[1.805s] [0m=============================================================[0m
[1.805s] [0m-- POINT_TYPE is XYZI[0m
[1.806s] [0m=============================================================[0m
[1.868s] [0m=============================================================[0m
[1.868s] [0m-- ROS Not Found. ROS Support is turned Off.[0m
[1.868s] [0m=============================================================[0m
[2.582s] -- Found Python3: /usr/bin/python3.10 (found version "3.10.6") found components: Interpreter 
[2.750s] -- Override CMake install command with custom implementation using symlinks instead of copying resources
[3.105s] -- Found rosidl_generator_c: 3.1.4 (/opt/ros/humble/share/rosidl_generator_c/cmake)
[3.141s] -- Found rosidl_adapter: 3.1.4 (/opt/ros/humble/share/rosidl_adapter/cmake)
[3.189s] -- Found rosidl_generator_cpp: 3.1.4 (/opt/ros/humble/share/rosidl_generator_cpp/cmake)
[3.284s] -- Using all available rosidl_typesupport_c: rosidl_typesupport_fastrtps_c;rosidl_typesupport_introspection_c
[3.347s] -- Using all available rosidl_typesupport_cpp: rosidl_typesupport_fastrtps_cpp;rosidl_typesupport_introspection_cpp
[3.609s] -- Found rmw_implementation_cmake: 6.1.1 (/opt/ros/humble/share/rmw_implementation_cmake/cmake)
[3.639s] -- Found rmw_fastrtps_cpp: 6.2.2 (/opt/ros/humble/share/rmw_fastrtps_cpp/cmake)
[4.624s] -- Found OpenSSL: /usr/lib/x86_64-linux-gnu/libcrypto.so (found version "3.0.2")  
[4.703s] -- Found FastRTPS: /opt/ros/humble/include  
[5.057s] -- Using RMW implementation 'rmw_fastrtps_cpp' as default
[5.138s] -- Looking for pthread.h
[5.783s] -- Looking for pthread.h - found
[5.784s] -- Performing Test CMAKE_HAVE_LIBC_PTHREAD
[6.337s] -- Performing Test CMAKE_HAVE_LIBC_PTHREAD - Success
[6.337s] -- Found Threads: TRUE  
[6.799s] [0m=============================================================[0m
[6.801s] [0m-- ROS2 Found. ROS2 Support is turned On.[0m
[6.801s] [0m=============================================================[0m
[6.818s] -- Found sensor_msgs: 4.2.3 (/opt/ros/humble/share/sensor_msgs/cmake)
[7.131s] -- Found rslidar_msg: 0.0.0 (/home/ros/Workshop/src/install/rslidar_msg/share/rslidar_msg/cmake)
[7.276s] [0m=============================================================[0m
[7.277s] [0m-- CMake run for UNIX GNU Compiler[0m
[7.277s] [0m=============================================================[0m
[7.278s] [0m=============================================================[0m
[7.278s] [0m-- rs_driver Version : v1.5.9[0m
[7.278s] [0m=============================================================[0m
[7.560s] -- Configuring done
[7.630s] -- Generating done
[7.638s] -- Build files have been written to: /home/ros/Workshop/src/build/rslidar_sdk
[7.655s] Invoked command in '/home/ros/Workshop/src/build/rslidar_sdk' returned '0': AMENT_PREFIX_PATH=/home/ros/Workshop/src/install/rslidar_msg:${AMENT_PREFIX_PATH} CMAKE_PREFIX_PATH=/home/ros/Workshop/src/install/rslidar_msg:/workspaces/my_ros2_ws/install:/opt/ros/humble LD_LIBRARY_PATH=/home/ros/Workshop/src/install/rslidar_msg/lib:${LD_LIBRARY_PATH} PYTHONPATH=/home/ros/Workshop/src/install/rslidar_msg/local/lib/python3.10/dist-packages:${PYTHONPATH} /usr/bin/cmake /home/ros/Workshop/src/rslidar_sdk_ros2 -DAMENT_CMAKE_SYMLINK_INSTALL=1 -DCMAKE_INSTALL_PREFIX=/home/ros/Workshop/src/install/rslidar_sdk
[7.663s] Invoking command in '/home/ros/Workshop/src/build/rslidar_sdk': AMENT_PREFIX_PATH=/home/ros/Workshop/src/install/rslidar_msg:${AMENT_PREFIX_PATH} CMAKE_PREFIX_PATH=/home/ros/Workshop/src/install/rslidar_msg:/workspaces/my_ros2_ws/install:/opt/ros/humble LD_LIBRARY_PATH=/home/ros/Workshop/src/install/rslidar_msg/lib:${LD_LIBRARY_PATH} PYTHONPATH=/home/ros/Workshop/src/install/rslidar_msg/local/lib/python3.10/dist-packages:${PYTHONPATH} /usr/bin/cmake --build /home/ros/Workshop/src/build/rslidar_sdk -- -j4 -l4
[8.407s] [ 33%] [32mBuilding CXX object CMakeFiles/rslidar_sdk_node.dir/node/rslidar_sdk_node.cpp.o[0m
[8.444s] [ 66%] [32mBuilding CXX object CMakeFiles/rslidar_sdk_node.dir/src/manager/node_manager.cpp.o[0m
[9.214s] In file included from [01m[K/home/ros/Workshop/src/rslidar_sdk_ros2/src/rs_driver/src/rs_driver/driver/input/input_factory.hpp:42[m[K,
[9.214s]                  from [01m[K/home/ros/Workshop/src/rslidar_sdk_ros2/src/rs_driver/src/rs_driver/driver/lidar_driver_impl.hpp:41[m[K,
[9.214s]                  from [01m[K/home/ros/Workshop/src/rslidar_sdk_ros2/src/rs_driver/src/rs_driver/api/lidar_driver.hpp:35[m[K,
[9.215s]                  from [01m[K/home/ros/Workshop/src/rslidar_sdk_ros2/src/source/source_driver.hpp:37[m[K,
[9.215s]                  from [01m[K/home/ros/Workshop/src/rslidar_sdk_ros2/src/manager/node_manager.cpp:34[m[K:
[9.215s] [01m[K/home/ros/Workshop/src/rslidar_sdk_ros2/src/rs_driver/src/rs_driver/driver/input/input_pcap.hpp:43:10:[m[K [01;31m[Kfatal error: [m[Kpcap.h: No such file or directory
[9.215s]    43 | #include [01;31m[K<pcap.h>[m[K
[9.215s]       |          [01;31m[K^~~~~~~~[m[K
[9.215s] compilation terminated.
[9.223s] gmake[2]: *** [CMakeFiles/rslidar_sdk_node.dir/build.make:90: CMakeFiles/rslidar_sdk_node.dir/src/manager/node_manager.cpp.o] Error 1
[9.223s] gmake[2]: *** Waiting for unfinished jobs....
[21.029s] gmake[1]: *** [CMakeFiles/Makefile2:154: CMakeFiles/rslidar_sdk_node.dir/all] Error 2
[21.031s] gmake: *** [Makefile:146: all] Error 2
[21.064s] Invoked command in '/home/ros/Workshop/src/build/rslidar_sdk' returned '2': AMENT_PREFIX_PATH=/home/ros/Workshop/src/install/rslidar_msg:${AMENT_PREFIX_PATH} CMAKE_PREFIX_PATH=/home/ros/Workshop/src/install/rslidar_msg:/workspaces/my_ros2_ws/install:/opt/ros/humble LD_LIBRARY_PATH=/home/ros/Workshop/src/install/rslidar_msg/lib:${LD_LIBRARY_PATH} PYTHONPATH=/home/ros/Workshop/src/install/rslidar_msg/local/lib/python3.10/dist-packages:${PYTHONPATH} /usr/bin/cmake --build /home/ros/Workshop/src/build/rslidar_sdk -- -j4 -l4
