In file included from [01m[K/home/ros/Workshop/src/unitree_ros2/unitree_legged_real/unitree_legged_sdk-master/include/unitree_legged_sdk/unitree_legged_sdk.h:13[m[K,
                 from [01m[K/home/ros/Workshop/src/unitree_ros2/unitree_legged_real/src/ros2_udp.cpp:6[m[K:
[01m[K/home/ros/Workshop/src/unitree_ros2/unitree_legged_real/unitree_legged_sdk-master/include/unitree_legged_sdk/loop.h:14:10:[m[K [01;31m[Kfatal error: [m[Kboost/shared_ptr.hpp: No such file or directory
   14 | #include [01;31m[K<boost/shared_ptr.hpp>[m[K
      |          [01;31m[K^~~~~~~~~~~~~~~~~~~~~~[m[K
compilation terminated.
gmake[2]: *** [CMakeFiles/ros2_udp.dir/build.make:76: CMakeFiles/ros2_udp.dir/src/ros2_udp.cpp.o] Error 1
gmake[1]: *** [CMakeFiles/Makefile2:151: CMakeFiles/ros2_udp.dir/all] Error 2
gmake[1]: *** Waiting for unfinished jobs....
In file included from [01m[K/home/ros/Workshop/src/unitree_ros2/unitree_legged_real/unitree_legged_sdk-master/include/unitree_legged_sdk/unitree_legged_sdk.h:13[m[K,
                 from [01m[K/home/ros/Workshop/src/unitree_ros2/unitree_legged_real/src/udp_high.cpp:6[m[K:
[01m[K/home/ros/Workshop/src/unitree_ros2/unitree_legged_real/unitree_legged_sdk-master/include/unitree_legged_sdk/loop.h:14:10:[m[K [01;31m[Kfatal error: [m[Kboost/shared_ptr.hpp: No such file or directory
   14 | #include [01;31m[K<boost/shared_ptr.hpp>[m[K
      |          [01;31m[K^~~~~~~~~~~~~~~~~~~~~~[m[K
compilation terminated.
gmake[2]: *** [CMakeFiles/udp_high.dir/build.make:76: CMakeFiles/udp_high.dir/src/udp_high.cpp.o] Error 1
gmake[1]: *** [CMakeFiles/Makefile2:177: CMakeFiles/udp_high.dir/all] Error 2
/usr/bin/ld: cannot find -llcm: No such file or directory
collect2: error: ld returned 1 exit status
gmake[2]: *** [CMakeFiles/jsp_high.dir/build.make:183: jsp_high] Error 1
gmake[1]: *** [CMakeFiles/Makefile2:203: CMakeFiles/jsp_high.dir/all] Error 2
/usr/bin/ld: cannot find -llcm: No such file or directory
collect2: error: ld returned 1 exit status
gmake[2]: *** [CMakeFiles/jsp_low.dir/build.make:183: jsp_low] Error 1
gmake[1]: *** [CMakeFiles/Makefile2:229: CMakeFiles/jsp_low.dir/all] Error 2
gmake: *** [Makefile:146: all] Error 2
