-- The C compiler identification is GNU 11.3.0
-- The CXX compiler identification is GNU 11.3.0
-- Detecting C compiler ABI info
-- Detecting C compiler ABI info - done
-- Check for working C compiler: /usr/bin/cc - skipped
-- Detecting C compile features
-- Detecting C compile features - done
-- Detecting CXX compiler ABI info
-- Detecting CXX compiler ABI info - done
-- Check for working CXX compiler: /usr/bin/c++ - skipped
-- Detecting CXX compile features
-- Detecting CXX compile features - done
-- Found ament_cmake: 1.3.4 (/opt/ros/humble/share/ament_cmake/cmake)
-- Found Python3: /usr/bin/python3.10 (found version "3.10.6") found components: Interpreter 
-- Override CMake install command with custom implementation using symlinks instead of copying resources
-- Found rclcpp: 16.0.4 (/opt/ros/humble/share/rclcpp/cmake)
-- Found rosidl_generator_c: 3.1.4 (/opt/ros/humble/share/rosidl_generator_c/cmake)
-- Found rosidl_adapter: 3.1.4 (/opt/ros/humble/share/rosidl_adapter/cmake)
-- Found rosidl_generator_cpp: 3.1.4 (/opt/ros/humble/share/rosidl_generator_cpp/cmake)
-- Using all available rosidl_typesupport_c: rosidl_typesupport_fastrtps_c;rosidl_typesupport_introspection_c
-- Using all available rosidl_typesupport_cpp: rosidl_typesupport_fastrtps_cpp;rosidl_typesupport_introspection_cpp
-- Found rmw_implementation_cmake: 6.1.1 (/opt/ros/humble/share/rmw_implementation_cmake/cmake)
-- Found rmw_fastrtps_cpp: 6.2.2 (/opt/ros/humble/share/rmw_fastrtps_cpp/cmake)
-- Found OpenSSL: /usr/lib/x86_64-linux-gnu/libcrypto.so (found version "3.0.2")  
-- Found FastRTPS: /opt/ros/humble/include  
-- Using RMW implementation 'rmw_fastrtps_cpp' as default
-- Looking for pthread.h
-- Looking for pthread.h - found
-- Performing Test CMAKE_HAVE_LIBC_PTHREAD
-- Performing Test CMAKE_HAVE_LIBC_PTHREAD - Success
-- Found Threads: TRUE  
-- Found ros2_unitree_legged_msgs: 0.4.0 (/home/ros/Workshop/src/install/ros2_unitree_legged_msgs/share/ros2_unitree_legged_msgs/cmake)
-- Found sensor_msgs: 4.2.3 (/opt/ros/humble/share/sensor_msgs/cmake)
-- -- CMAKE_SYSTEM_PROCESSOR: x86_64
-- Configuring done
-- Generating done
-- Build files have been written to: /home/ros/Workshop/src/build/unitree_legged_real
[  6%] [32mBuilding CXX object CMakeFiles/udp_high.dir/src/udp_high.cpp.o[0m
[ 12%] [32mBuilding CXX object CMakeFiles/jsp_low.dir/src/jsp_low.cpp.o[0m
[ 18%] [32mBuilding CXX object CMakeFiles/ros2_udp.dir/src/ros2_udp.cpp.o[0m
[ 25%] [32mBuilding CXX object CMakeFiles/jsp_high.dir/src/jsp_high.cpp.o[0m
In file included from [01m[K/home/ros/Workshop/src/unitree_ros2/unitree_legged_real/unitree_legged_sdk-master/include/unitree_legged_sdk/unitree_legged_sdk.h:13[m[K,
                 from [01m[K/home/ros/Workshop/src/unitree_ros2/unitree_legged_real/src/ros2_udp.cpp:6[m[K:
[01m[K/home/ros/Workshop/src/unitree_ros2/unitree_legged_real/unitree_legged_sdk-master/include/unitree_legged_sdk/loop.h:14:10:[m[K [01;31m[Kfatal error: [m[Kboost/shared_ptr.hpp: No such file or directory
   14 | #include [01;31m[K<boost/shared_ptr.hpp>[m[K
      |          [01;31m[K^~~~~~~~~~~~~~~~~~~~~~[m[K
compilation terminated.
gmake[2]: *** [CMakeFiles/ros2_udp.dir/build.make:76: CMakeFiles/ros2_udp.dir/src/ros2_udp.cpp.o] Error 1
gmake[1]: *** [CMakeFiles/Makefile2:151: CMakeFiles/ros2_udp.dir/all] Error 2
gmake[1]: *** Waiting for unfinished jobs....
In file included from [01m[K/home/ros/Workshop/src/unitree_ros2/unitree_legged_real/unitree_legged_sdk-master/include/unitree_legged_sdk/unitree_legged_sdk.h:13[m[K,
                 from [01m[K/home/ros/Workshop/src/unitree_ros2/unitree_legged_real/src/udp_high.cpp:6[m[K:
[01m[K/home/ros/Workshop/src/unitree_ros2/unitree_legged_real/unitree_legged_sdk-master/include/unitree_legged_sdk/loop.h:14:10:[m[K [01;31m[Kfatal error: [m[Kboost/shared_ptr.hpp: No such file or directory
   14 | #include [01;31m[K<boost/shared_ptr.hpp>[m[K
      |          [01;31m[K^~~~~~~~~~~~~~~~~~~~~~[m[K
compilation terminated.
gmake[2]: *** [CMakeFiles/udp_high.dir/build.make:76: CMakeFiles/udp_high.dir/src/udp_high.cpp.o] Error 1
gmake[1]: *** [CMakeFiles/Makefile2:177: CMakeFiles/udp_high.dir/all] Error 2
[ 31%] [32m[1mLinking CXX executable jsp_high[0m
/usr/bin/ld: cannot find -llcm: No such file or directory
collect2: error: ld returned 1 exit status
gmake[2]: *** [CMakeFiles/jsp_high.dir/build.make:183: jsp_high] Error 1
gmake[1]: *** [CMakeFiles/Makefile2:203: CMakeFiles/jsp_high.dir/all] Error 2
[ 37%] [32m[1mLinking CXX executable jsp_low[0m
/usr/bin/ld: cannot find -llcm: No such file or directory
collect2: error: ld returned 1 exit status
gmake[2]: *** [CMakeFiles/jsp_low.dir/build.make:183: jsp_low] Error 1
gmake[1]: *** [CMakeFiles/Makefile2:229: CMakeFiles/jsp_low.dir/all] Error 2
gmake: *** [Makefile:146: all] Error 2
